<?xml version="1.0" encoding="UTF-8"?>
<!-- Generated by org.testng.reporters.JUnitReportReporter -->
<testsuite hostname="LTIN302275" failures="0" tests="1" name="com.amazon.TestClasses.AddressVerficationAndUpdation" time="51.424" errors="0" timestamp="2024-03-04T20:27:49 IST" skipped="0">
  <testcase classname="com.amazon.TestClasses.AddressVerficationAndUpdation" name="addressTest" time="51.424"/>
  <system-out/>
</testsuite> <!-- com.amazon.TestClasses.AddressVerficationAndUpdation -->
