<?xml version="1.0" encoding="UTF-8"?>
<!-- Generated by org.testng.reporters.JUnitReportReporter -->
<testsuite hostname="LTIN302275" failures="0" tests="1" name="com.amazon.TestClasses.AdditionOfProducts" time="55.885" errors="0" timestamp="2024-03-01T23:08:23 IST" skipped="0">
  <testcase classname="com.amazon.TestClasses.AdditionOfProducts" name="AdditionOfProductsAndNavigation" time="55.885"/>
  <system-out/>
</testsuite> <!-- com.amazon.TestClasses.AdditionOfProducts -->
