<?xml version="1.0" encoding="UTF-8"?>
<!-- Generated by org.testng.reporters.JUnitReportReporter -->
<testsuite hostname="LTIN302275" failures="0" tests="1" name="com.amazon.TestClasses.AdditionOfProducts" time="69.413" errors="0" timestamp="2024-03-03T12:19:20 IST" skipped="0">
  <testcase classname="com.amazon.TestClasses.AdditionOfProducts" name="AdditionOfProductsAndNavigation" time="69.413"/>
  <system-out/>
</testsuite> <!-- com.amazon.TestClasses.AdditionOfProducts -->
