<?xml version="1.0" encoding="UTF-8"?>
<!-- Generated by org.testng.reporters.JUnitReportReporter -->
<testsuite hostname="LTIN302275" failures="0" tests="3" name="com.amazon.TestClasses.LoginFunctionality" time="48.398" errors="0" timestamp="2024-02-27T17:28:43 IST" skipped="0">
  <testcase classname="com.amazon.TestClasses.LoginFunctionality" name="testLoginCases" time="14.479"/>
  <system-out/>
  <testcase classname="com.amazon.TestClasses.LoginFunctionality" name="testLoginCases" time="18.387"/>
  <system-out/>
  <testcase classname="com.amazon.TestClasses.LoginFunctionality" name="testLoginCases" time="15.532"/>
  <system-out/>
</testsuite> <!-- com.amazon.TestClasses.LoginFunctionality -->
