<?xml version="1.0" encoding="UTF-8"?>
<!-- Generated by org.testng.reporters.JUnitReportReporter -->
<testsuite hostname="LTIN302275" failures="0" tests="1" name="com.amazon.TestClasses.AdditionOfProducts" time="37.010" errors="0" timestamp="2024-02-29T02:44:15 IST" skipped="0">
  <testcase classname="com.amazon.TestClasses.AdditionOfProducts" name="AdditionOfProductsAndNavigation" time="37.010"/>
  <system-out/>
</testsuite> <!-- com.amazon.TestClasses.AdditionOfProducts -->
