<?xml version="1.0" encoding="UTF-8"?>
<!-- Generated by org.testng.reporters.JUnitReportReporter -->
<testsuite hostname="LTIN302275" failures="0" tests="2" name="com.amazon.TestClasses.AddressVerficationAndUpdation" time="107.395" errors="0" timestamp="2024-03-05T20:23:33 IST" skipped="0">
  <testcase classname="com.amazon.TestClasses.AddressVerficationAndUpdation" name="verifyAddressAndSelect" time="49.146"/>
  <system-out/>
  <testcase classname="com.amazon.TestClasses.AddressVerficationAndUpdation" name="updateNewAddress" time="58.249"/>
  <system-out/>
</testsuite> <!-- com.amazon.TestClasses.AddressVerficationAndUpdation -->
